\BOOKMARK [1][-]{section.1}{\376\377\000I\000n\000t\000r\000o\000d\000u\000\347\000\343\000o}{}% 1
\BOOKMARK [2][-]{subsection.1.1}{\376\377\000O\000b\000j\000e\000t\000i\000v\000o\000s}{section.1}% 2
\BOOKMARK [3][-]{subsubsection.1.1.1}{\376\377\000G\000e\000r\000a\000l}{subsection.1.1}% 3
\BOOKMARK [3][-]{subsubsection.1.1.2}{\376\377\000E\000s\000p\000e\000c\000\355\000f\000i\000c\000o\000s}{subsection.1.1}% 4
\BOOKMARK [1][-]{section.2}{\376\377\000T\000e\000c\000n\000o\000l\000o\000g\000i\000a\000s\000\040\000E\000n\000v\000o\000l\000v\000i\000d\000a\000s}{}% 5
\BOOKMARK [1][-]{section.3}{\376\377\000M\000o\000d\000e\000l\000a\000g\000e\000m\000\040\000d\000o\000\040\000P\000r\000o\000j\000e\000t\000o}{}% 6
\BOOKMARK [2][-]{subsection.3.1}{\376\377\000L\000e\000v\000a\000n\000t\000a\000m\000e\000n\000t\000o\000\040\000d\000e\000\040\000R\000e\000q\000u\000i\000s\000i\000t\000o\000s}{section.3}% 7
\BOOKMARK [3][-]{subsubsection.3.1.1}{\376\377\000M\000\363\000d\000u\000l\000o\000\040\000d\000e\000\040\000A\000u\000t\000e\000n\000t\000i\000c\000a\000\347\000\343\000o\000\040\000e\000\040\000C\000o\000n\000t\000r\000o\000l\000e\000\040\000d\000e\000\040\000A\000c\000e\000s\000s\000o}{subsection.3.1}% 8
\BOOKMARK [3][-]{subsubsection.3.1.2}{\376\377\000M\000\363\000d\000u\000l\000o\000\040\000d\000e\000\040\000T\000e\000m\000p\000l\000a\000t\000e\000s\000\040\000d\000e\000\040\000C\000e\000r\000t\000i\000f\000i\000c\000a\000d\000o\000s}{subsection.3.1}% 9
\BOOKMARK [3][-]{subsubsection.3.1.3}{\376\377\000M\000\363\000d\000u\000l\000o\000\040\000d\000e\000\040\000E\000n\000t\000r\000a\000d\000a\000\040\000d\000e\000\040\000D\000a\000d\000o\000s}{subsection.3.1}% 10
\BOOKMARK [3][-]{subsubsection.3.1.4}{\376\377\000M\000\363\000d\000u\000l\000o\000\040\000d\000e\000\040\000G\000e\000r\000a\000\347\000\343\000o\000\040\000d\000e\000\040\000C\000e\000r\000t\000i\000f\000i\000c\000a\000d\000o\000s}{subsection.3.1}% 11
\BOOKMARK [3][-]{subsubsection.3.1.5}{\376\377\000M\000\363\000d\000u\000l\000o\000\040\000d\000e\000\040\000E\000n\000v\000i\000o\000\040\000e\000\040\000C\000o\000m\000u\000n\000i\000c\000a\000\347\000\343\000o}{subsection.3.1}% 12
\BOOKMARK [3][-]{subsubsection.3.1.6}{\376\377\000M\000\363\000d\000u\000l\000o\000\040\000d\000e\000\040\000V\000a\000l\000i\000d\000a\000\347\000\343\000o\000\040\000P\000\372\000b\000l\000i\000c\000a\000\040\000e\000\040\000A\000n\000t\000i\000f\000r\000a\000u\000d\000e}{subsection.3.1}% 13
\BOOKMARK [3][-]{subsubsection.3.1.7}{\376\377\000M\000\363\000d\000u\000l\000o\000\040\000d\000e\000\040\000A\000s\000s\000i\000n\000a\000t\000u\000r\000a\000s\000\040\000D\000i\000g\000i\000t\000a\000i\000s}{subsection.3.1}% 14
\BOOKMARK [3][-]{subsubsection.3.1.8}{\376\377\000M\000\363\000d\000u\000l\000o\000\040\000d\000e\000\040\000D\000a\000s\000h\000b\000o\000a\000r\000d\000\040\000e\000\040\000G\000e\000s\000t\000\343\000o}{subsection.3.1}% 15
\BOOKMARK [3][-]{subsubsection.3.1.9}{\376\377\000M\000\363\000d\000u\000l\000o\000\040\000d\000e\000\040\000A\000u\000d\000i\000t\000o\000r\000i\000a\000\040\000e\000\040\000S\000e\000g\000u\000r\000a\000n\000\347\000a\000\040\000O\000p\000e\000r\000a\000c\000i\000o\000n\000a\000l}{subsection.3.1}% 16
\BOOKMARK [3][-]{subsubsection.3.1.10}{\376\377\000M\000\363\000d\000u\000l\000o\000\040\000d\000e\000\040\000G\000e\000s\000t\000\343\000o\000\040\000d\000e\000\040\000C\000u\000r\000s\000o\000s\000/\000E\000v\000e\000n\000t\000o\000s}{subsection.3.1}% 17
\BOOKMARK [3][-]{subsubsection.3.1.11}{\376\377\000M\000\363\000d\000u\000l\000o\000\040\000d\000e\000\040\000P\000a\000r\000t\000i\000c\000i\000p\000a\000n\000t\000e\000s}{subsection.3.1}% 18
\BOOKMARK [3][-]{subsubsection.3.1.12}{\376\377\000M\000\363\000d\000u\000l\000o\000\040\000M\000u\000l\000t\000i\000e\000m\000p\000r\000e\000s\000a\000\040\000/\000\040\000M\000u\000l\000t\000i\000-\000t\000e\000n\000a\000n\000t}{subsection.3.1}% 19
\BOOKMARK [3][-]{subsubsection.3.1.13}{\376\377\000M\000\363\000d\000u\000l\000o\000\040\000d\000e\000\040\000C\000o\000n\000f\000i\000g\000u\000r\000a\000\347\000\365\000e\000s\000\040\000d\000o\000\040\000S\000i\000s\000t\000e\000m\000a}{subsection.3.1}% 20
\BOOKMARK [3][-]{subsubsection.3.1.14}{\376\377\000M\000\363\000d\000u\000l\000o\000\040\000d\000e\000\040\000A\000r\000m\000a\000z\000e\000n\000a\000m\000e\000n\000t\000o\000\040\000e\000\040\000A\000r\000q\000u\000i\000v\000o\000s}{subsection.3.1}% 21
\BOOKMARK [3][-]{subsubsection.3.1.15}{\376\377\000M\000\363\000d\000u\000l\000o\000\040\000d\000e\000\040\000N\000o\000t\000i\000f\000i\000c\000a\000\347\000\365\000e\000s\000\040\000e\000\040\000A\000l\000e\000r\000t\000a\000s}{subsection.3.1}% 22
\BOOKMARK [3][-]{subsubsection.3.1.16}{\376\377\000M\000\363\000d\000u\000l\000o\000\040\000d\000e\000\040\000M\000o\000n\000i\000t\000o\000r\000a\000m\000e\000n\000t\000o\000\040\000e\000\040\000L\000o\000g\000s}{subsection.3.1}% 23
\BOOKMARK [3][-]{subsubsection.3.1.17}{\376\377\000M\000\363\000d\000u\000l\000o\000\040\000d\000e\000\040\000S\000u\000p\000o\000r\000t\000e\000,\000\040\000O\000p\000e\000r\000a\000\347\000\343\000o\000\040\000e\000\040\000M\000a\000n\000u\000t\000e\000n\000\347\000\343\000o}{subsection.3.1}% 24
\BOOKMARK [3][-]{subsubsection.3.1.18}{\376\377\000S\000e\000g\000u\000r\000a\000n\000\347\000a}{subsection.3.1}% 25
\BOOKMARK [3][-]{subsubsection.3.1.19}{\376\377\000D\000e\000s\000e\000m\000p\000e\000n\000h\000o\000\040\000e\000\040\000E\000s\000c\000a\000l\000a\000b\000i\000l\000i\000d\000a\000d\000e}{subsection.3.1}% 26
\BOOKMARK [3][-]{subsubsection.3.1.20}{\376\377\000D\000i\000s\000p\000o\000n\000i\000b\000i\000l\000i\000d\000a\000d\000e\000\040\000e\000\040\000C\000o\000n\000f\000i\000a\000b\000i\000l\000i\000d\000a\000d\000e}{subsection.3.1}% 27
\BOOKMARK [3][-]{subsubsection.3.1.21}{\376\377\000U\000s\000a\000b\000i\000l\000i\000d\000a\000d\000e\000\040\000e\000\040\000A\000c\000e\000s\000s\000i\000b\000i\000l\000i\000d\000a\000d\000e}{subsection.3.1}% 28
\BOOKMARK [3][-]{subsubsection.3.1.22}{\376\377\000C\000o\000m\000p\000a\000t\000i\000b\000i\000l\000i\000d\000a\000d\000e\000\040\000e\000\040\000I\000n\000t\000e\000g\000r\000a\000\347\000\343\000o}{subsection.3.1}% 29
\BOOKMARK [3][-]{subsubsection.3.1.23}{\376\377\000A\000r\000m\000a\000z\000e\000n\000a\000m\000e\000n\000t\000o\000\040\000e\000\040\000R\000e\000t\000e\000n\000\347\000\343\000o}{subsection.3.1}% 30
\BOOKMARK [3][-]{subsubsection.3.1.24}{\376\377\000C\000o\000n\000f\000o\000r\000m\000i\000d\000a\000d\000e\000\040\000L\000e\000g\000a\000l\000\040\000e\000\040\000L\000G\000P\000D}{subsection.3.1}% 31
\BOOKMARK [3][-]{subsubsection.3.1.25}{\376\377\000A\000r\000q\000u\000i\000t\000e\000t\000u\000r\000a\000\040\000e\000\040\000T\000e\000c\000n\000o\000l\000o\000g\000i\000a}{subsection.3.1}% 32
\BOOKMARK [3][-]{subsubsection.3.1.26}{\376\377\000M\000a\000n\000u\000t\000e\000n\000\347\000\343\000o\000\040\000e\000\040\000M\000o\000n\000i\000t\000o\000r\000a\000m\000e\000n\000t\000o}{subsection.3.1}% 33
\BOOKMARK [3][-]{subsubsection.3.1.27}{\376\377\000I\000n\000t\000e\000r\000n\000a\000c\000i\000o\000n\000a\000l\000i\000z\000a\000\347\000\343\000o}{subsection.3.1}% 34
\BOOKMARK [2][-]{subsection.3.2}{\376\377\000D\000i\000a\000g\000r\000a\000m\000a\000s\000\040\000d\000e\000\040\000c\000a\000s\000o\000s\000\040\000d\000e\000\040\000u\000s\000o}{section.3}% 35
\BOOKMARK [2][-]{subsection.3.3}{\376\377\000D\000i\000a\000g\000r\000a\000m\000a\000s\000\040\000d\000e\000\040\000c\000l\000a\000s\000s\000e}{section.3}% 36
\BOOKMARK [2][-]{subsection.3.4}{\376\377\000A\000r\000q\000u\000i\000t\000e\000t\000u\000r\000a\000\040\000d\000o\000\040\000S\000i\000s\000t\000e\000m\000a}{section.3}% 37
\BOOKMARK [2][-]{subsection.3.5}{\376\377\000D\000i\000a\000g\000r\000a\000m\000a\000\040\000E\000n\000t\000i\000d\000a\000d\000e\000-\000R\000e\000l\000a\000c\000i\000o\000n\000a\000m\000e\000n\000t\000o}{section.3}% 38
\BOOKMARK [2][-]{subsection.3.6}{\376\377\000I\000n\000t\000e\000r\000f\000a\000c\000e\000s}{section.3}% 39
\BOOKMARK [1][-]{section.4}{\376\377\000S\000o\000f\000t\000w\000a\000r\000e}{}% 40
\BOOKMARK [2][-]{subsection.4.1}{\376\377\000I\000m\000p\000l\000a\000n\000t\000a\000\347\000\343\000o}{section.4}% 41
\BOOKMARK [2][-]{subsection.4.2}{\376\377\000T\000e\000s\000t\000e\000s}{section.4}% 42
\BOOKMARK [1][-]{section.5}{\376\377\000C\000o\000n\000s\000i\000d\000e\000r\000a\000\347\000\365\000e\000s\000\040\000F\000i\000n\000a\000i\000s}{}% 43
\BOOKMARK [1][-]{section*.10}{\376\377\000R\000e\000f\000e\000r\000\352\000n\000c\000i\000a\000s}{}% 44
\BOOKMARK [1][-]{section.6}{\376\377\000A\000n\000e\000x\000o\000s}{}% 45
\BOOKMARK [2][-]{subsection.6.1}{\376\377\000D\000e\000c\000l\000a\000r\000a\000\347\000\343\000o\000\040\000d\000e\000\040\000E\000n\000t\000r\000e\000g\000a\000\040\000d\000o\000\040\000C\000\363\000d\000i\000g\000o\000-\000F\000o\000n\000t\000e}{section.6}% 46
\BOOKMARK [2][-]{subsection.6.2}{\376\377\000D\000e\000c\000l\000a\000r\000a\000\347\000\343\000o\000\040\000d\000e\000\040\000S\000u\000b\000m\000i\000s\000s\000\343\000o\000\040\000a\000o\000\040\000N\000I\000T}{section.6}% 47
